<?xml version="1.0" encoding="UTF-8"?>
<testsuite name="com.example.helloworld.IntegrationTest" time="2.88" tests="1" errors="0" skipped="0" failures="0">
  <properties>
    <property name="idea.version" value="14.1.5"/>
    <property name="java.runtime.name" value="Java(TM) SE Runtime Environment"/>
    <property name="sun.boot.library.path" value="C:\Program Files (x86)\Java\jdk1.8.0_11\jre\bin"/>
    <property name="java.vm.version" value="25.11-b03"/>
    <property name="java.vm.vendor" value="Oracle Corporation"/>
    <property name="java.vendor.url" value="http://java.oracle.com/"/>
    <property name="path.separator" value=";"/>
    <property name="guice.disable.misplaced.annotation.check" value="true"/>
    <property name="java.vm.name" value="Java HotSpot(TM) Client VM"/>
    <property name="file.encoding.pkg" value="sun.io"/>
    <property name="idea.launcher.port" value="7537"/>
    <property name="user.script" value=""/>
    <property name="user.country" value="US"/>
    <property name="sun.java.launcher" value="SUN_STANDARD"/>
    <property name="sun.os.patch.level" value=""/>
    <property name="java.vm.specification.name" value="Java Virtual Machine Specification"/>
    <property name="user.dir" value="C:\Users\titus.chirchir12\dropwizard-example"/>
    <property name="java.runtime.version" value="1.8.0_11-b12"/>
    <property name="java.awt.graphicsenv" value="sun.awt.Win32GraphicsEnvironment"/>
    <property name="java.endorsed.dirs" value="C:\Program Files (x86)\Java\jdk1.8.0_11\jre\lib\endorsed"/>
    <property name="os.arch" value="x86"/>
    <property name="java.io.tmpdir" value="C:\Users\TITUS~1.CHI\AppData\Local\Temp\"/>
    <property name="line.separator" value="&#10;"/>
    <property name="java.vm.specification.vendor" value="Oracle Corporation"/>
    <property name="user.variant" value=""/>
    <property name="os.name" value="Windows 8.1"/>
    <property name="classworlds.conf" value="C:\Program Files (x86)\JetBrains\IntelliJ IDEA 14.1.5\plugins\maven\lib\maven3\bin\m2.conf"/>
    <property name="sun.jnu.encoding" value="Cp1252"/>
    <property name="java.library.path" value="C:\Program Files (x86)\Java\jdk1.8.0_11\bin;C:\WINDOWS\Sun\Java\bin;C:\WINDOWS\system32;C:\WINDOWS;C:\ProgramData\Oracle\Java\javapath;c:\Program Files (x86)\Intel\iCLS Client\;c:\Program Files\Intel\iCLS Client\;C:\WINDOWS\system32;C:\WINDOWS;C:\WINDOWS\System32\Wbem;C:\WINDOWS\System32\WindowsPowerShell\v1.0\;C:\Program Files\Intel\Intel(R) Management Engine Components\DAL;C:\Program Files\Intel\Intel(R) Management Engine Components\IPT;C:\Program Files (x86)\Intel\Intel(R) Management Engine Components\DAL;C:\Program Files (x86)\Intel\Intel(R) Management Engine Components\IPT;C:\Program Files\Intel\WiFi\bin\;C:\Program Files\Common Files\Intel\WirelessCommon\;C:\Coding\Play\play-2.2.4\play-2.2.4\;C:\Programs\;C:\Programs\PostgreSQL\postgresql-9.3-1102.jdbc41.jar;C:\Users\titus.chirchir12\Downloads\apache-maven-3.2.3-bin\apache-maven-3.2.3\bin;C:\Program Files (x86)\Apache Software Foundation\Tomcat 8.0\bin;C:\Users\titus.chirchir12\Downloads\typesafe-activator-1.2.12-minimal.zip;C:\Program Files (x86)\Java\jdk1.8.0_11\bin;C:\Program Files (x86)\Windows Kits\8.1\Windows Performance Toolkit\;C:\Program Files\Microsoft SQL Server\110\Tools\Binn\;C:\Program Files (x86)\Microsoft SDKs\TypeScript\1.0\;C:\Program Files\Microsoft SQL Server\120\Tools\Binn\;C:\Applications\typesafe-activator-1.3.2-minimal.zip\activator-1.3.2-minimal\activator;C:\Program Files (x86)\MySQL\MySQL Fabric 1.5.3 &amp; MySQL Utilities 1.5.3 1.5\;C:\Program Files (x86)\MySQL\MySQL Fabric 1.5.3 &amp; MySQL Utilities 1.5.3 1.5\Doctrine extensions for PHP\;C:\Program Files (x86)\nodejs\;C:\Program Files (x86)\Apache Software Foundation\Tomcat 8.0;C:\Users\titus.chirchir12\TypeSafeActivator\activator-dist-1.3.5\bin;C:\Program Files\MiKTeX 2.9\miktex\bin\x64\;C:\Program Files (x86)\Skype\Phone\;C:\Programs\PostgreSQL\postgresql-9.3-1102.jdbc41.jar;C:\Users\titus.chirchir12\Downloads\apache-maven-3.2.3-bin\apache-maven-3.2.3\bin;C:\Users\titus.chirchir12\Downloads\apache-tomcat-6.0.43-windows-x64\apache-tomcat-6.0.43\bin;C:\Applications\typesafe-activator-1.3.2-minimal.zip\activator-1.3.2-minimal\activator;C:\Users\titus.chirchir12\AppData\Roaming\npm;C:\Program Files (x86)\Apache Software Foundation\Tomcat 8.0;C:\Users\titus.chirchir12\TypeSafeActivator\activator-1.3.5-minimal;C:/Program Files (x86)/JetBrains/IntelliJ IDEA Community Edition 14.1.4/plugins/maven/lib/maven3/bin;."/>
    <property name="java.specification.name" value="Java Platform API Specification"/>
    <property name="java.class.version" value="52.0"/>
    <property name="sun.management.compiler" value="HotSpot Client Compiler"/>
    <property name="os.version" value="6.3"/>
    <property name="user.home" value="C:\Users\titus.chirchir12"/>
    <property name="user.timezone" value="Europe/London"/>
    <property name="java.awt.printerjob" value="sun.awt.windows.WPrinterJob"/>
    <property name="java.specification.version" value="1.8"/>
    <property name="idea.launcher.bin.path" value="C:\Program Files (x86)\JetBrains\IntelliJ IDEA 14.1.5\bin"/>
    <property name="file.encoding" value="windows-1252"/>
    <property name="user.name" value="titus.chirchir12"/>
    <property name="java.class.path" value="C:\Program Files (x86)\JetBrains\IntelliJ IDEA 14.1.5\plugins\maven\lib\maven3\boot\plexus-classworlds-2.4.jar;C:\Program Files (x86)\JetBrains\IntelliJ IDEA 14.1.5\lib\idea_rt.jar"/>
    <property name="java.vm.specification.version" value="1.8"/>
    <property name="sun.arch.data.model" value="32"/>
    <property name="java.home" value="C:\Program Files (x86)\Java\jdk1.8.0_11\jre"/>
    <property name="sun.java.command" value="com.intellij.rt.execution.application.AppMain org.codehaus.classworlds.Launcher -Didea.version=14.1.5 install"/>
    <property name="java.specification.vendor" value="Oracle Corporation"/>
    <property name="user.language" value="en"/>
    <property name="awt.toolkit" value="sun.awt.windows.WToolkit"/>
    <property name="java.vm.info" value="mixed mode"/>
    <property name="java.version" value="1.8.0_11"/>
    <property name="java.ext.dirs" value="C:\Program Files (x86)\Java\jdk1.8.0_11\jre\lib\ext;C:\WINDOWS\Sun\Java\lib\ext"/>
    <property name="sun.boot.class.path" value="C:\Program Files (x86)\Java\jdk1.8.0_11\jre\lib\resources.jar;C:\Program Files (x86)\Java\jdk1.8.0_11\jre\lib\rt.jar;C:\Program Files (x86)\Java\jdk1.8.0_11\jre\lib\sunrsasign.jar;C:\Program Files (x86)\Java\jdk1.8.0_11\jre\lib\jsse.jar;C:\Program Files (x86)\Java\jdk1.8.0_11\jre\lib\jce.jar;C:\Program Files (x86)\Java\jdk1.8.0_11\jre\lib\charsets.jar;C:\Program Files (x86)\Java\jdk1.8.0_11\jre\lib\jfr.jar;C:\Program Files (x86)\Java\jdk1.8.0_11\jre\classes"/>
    <property name="java.vendor" value="Oracle Corporation"/>
    <property name="maven.home" value="C:\Program Files (x86)\JetBrains\IntelliJ IDEA 14.1.5\plugins\maven\lib\maven3"/>
    <property name="file.separator" value="\"/>
    <property name="java.vendor.url.bug" value="http://bugreport.sun.com/bugreport/"/>
    <property name="sun.cpu.endian" value="little"/>
    <property name="sun.io.unicode.encoding" value="UnicodeLittle"/>
    <property name="sun.desktop" value="windows"/>
    <property name="sun.cpu.isalist" value="pentium_pro+mmx pentium_pro pentium+mmx pentium i486 i386 i86"/>
  </properties>
  <testcase name="testPostPerson" classname="com.example.helloworld.IntegrationTest" time="2.88"/>
</testsuite>